Determining if the pthread_create exist failed with the following output:
Change Dir: /home/lijiashushu/ros_ws/src/baxter_moveit_application/cmake-build-debug/CMakeFiles/CMakeTmp

Run Build Command(s):/usr/bin/make cmTC_1096e/fast 
/usr/bin/make -f CMakeFiles/cmTC_1096e.dir/build.make CMakeFiles/cmTC_1096e.dir/build
make[1]: Entering directory '/home/lijiashushu/ros_ws/src/baxter_moveit_application/cmake-build-debug/CMakeFiles/CMakeTmp'
Building C object CMakeFiles/cmTC_1096e.dir/CheckSymbolExists.c.o
/usr/bin/cc    -o CMakeFiles/cmTC_1096e.dir/CheckSymbolExists.c.o   -c /home/lijiashushu/ros_ws/src/baxter_moveit_application/cmake-build-debug/CMakeFiles/CMakeTmp/CheckSymbolExists.c
Linking C executable cmTC_1096e
/home/lijiashushu/tool/clion-2019.1.4/bin/cmake/linux/bin/cmake -E cmake_link_script CMakeFiles/cmTC_1096e.dir/link.txt --verbose=1
/usr/bin/cc      -rdynamic CMakeFiles/cmTC_1096e.dir/CheckSymbolExists.c.o  -o cmTC_1096e 
CMakeFiles/cmTC_1096e.dir/CheckSymbolExists.c.o: In function `main':
CheckSymbolExists.c:(.text+0x16): undefined reference to `pthread_create'
collect2: error: ld returned 1 exit status
CMakeFiles/cmTC_1096e.dir/build.make:86: recipe for target 'cmTC_1096e' failed
make[1]: *** [cmTC_1096e] Error 1
make[1]: Leaving directory '/home/lijiashushu/ros_ws/src/baxter_moveit_application/cmake-build-debug/CMakeFiles/CMakeTmp'
Makefile:121: recipe for target 'cmTC_1096e/fast' failed
make: *** [cmTC_1096e/fast] Error 2

File /home/lijiashushu/ros_ws/src/baxter_moveit_application/cmake-build-debug/CMakeFiles/CMakeTmp/CheckSymbolExists.c:
/* */
#include <pthread.h>

int main(int argc, char** argv)
{
  (void)argv;
#ifndef pthread_create
  return ((int*)(&pthread_create))[argc];
#else
  (void)argc;
  return 0;
#endif
}

Determining if the function pthread_create exists in the pthreads failed with the following output:
Change Dir: /home/lijiashushu/ros_ws/src/baxter_moveit_application/cmake-build-debug/CMakeFiles/CMakeTmp

Run Build Command(s):/usr/bin/make cmTC_1c4ee/fast 
/usr/bin/make -f CMakeFiles/cmTC_1c4ee.dir/build.make CMakeFiles/cmTC_1c4ee.dir/build
make[1]: Entering directory '/home/lijiashushu/ros_ws/src/baxter_moveit_application/cmake-build-debug/CMakeFiles/CMakeTmp'
Building C object CMakeFiles/cmTC_1c4ee.dir/CheckFunctionExists.c.o
/usr/bin/cc   -DCHECK_FUNCTION_EXISTS=pthread_create   -o CMakeFiles/cmTC_1c4ee.dir/CheckFunctionExists.c.o   -c /home/lijiashushu/tool/clion-2019.1.4/bin/cmake/linux/share/cmake-3.14/Modules/CheckFunctionExists.c
Linking C executable cmTC_1c4ee
/home/lijiashushu/tool/clion-2019.1.4/bin/cmake/linux/bin/cmake -E cmake_link_script CMakeFiles/cmTC_1c4ee.dir/link.txt --verbose=1
/usr/bin/cc  -DCHECK_FUNCTION_EXISTS=pthread_create    -rdynamic CMakeFiles/cmTC_1c4ee.dir/CheckFunctionExists.c.o  -o cmTC_1c4ee -lpthreads 
/usr/bin/ld: cannot find -lpthreads
collect2: error: ld returned 1 exit status
CMakeFiles/cmTC_1c4ee.dir/build.make:86: recipe for target 'cmTC_1c4ee' failed
make[1]: *** [cmTC_1c4ee] Error 1
make[1]: Leaving directory '/home/lijiashushu/ros_ws/src/baxter_moveit_application/cmake-build-debug/CMakeFiles/CMakeTmp'
Makefile:121: recipe for target 'cmTC_1c4ee/fast' failed
make: *** [cmTC_1c4ee/fast] Error 2


